0 silly argv { _: [ 'version' ], lernaVersion: '7.1.4', '$0': 'lerna' }
1 notice cli v7.1.4
2 verbose packageConfigs Resolving packages based on package.json "workspaces" configuration.
3 verbose rootPath /Users/zc/Desktop/项目/测试/脚手架
4 info current version 1.0.1
5 silly isAnythingCommitted
6 verbose isAnythingCommitted 1
7 silly getCurrentBranch
8 verbose currentBranch master
9 silly remoteBranchExists
10 silly isBehindUpstream
11 silly isBehindUpstream master is behind origin/master by 0 commit(s) and ahead by 1
12 silly hasTags
13 verbose hasTags true
14 silly git-describe.sync "v1.0.2-1-gab96689" => {"lastTagName":"v1.0.2","lastVersion":"v1.0.2","refCount":"1","sha":"ab96689","isDirty":false}
15 info Looking for changed packages since v1.0.2
16 silly checking diff packages/core
17 silly found diff in packages/core/package.json
18 verbose filtered diff [ 'packages/core/package.json' ]
19 silly checking diff packages/utils
20 silly found diff in packages/utils/package.json
21 verbose filtered diff [ 'packages/utils/package.json' ]
22 verbose updated @zcc-cli-dev/core
23 verbose updated @zcc-cli-dev/utils
24 verbose git-describe undefined => "v1.0.2-1-gab96689"
25 silly git-describe parsed => {"lastTagName":"v1.0.2","lastVersion":"v1.0.2","refCount":"1","sha":"ab96689","isDirty":false}
26 info execute Skipping releases
27 silly lifecycle No script for "preversion" in "zcc-cli-dev", continuing
28 silly lifecycle No script for "preversion" in "@zcc-cli-dev/core", continuing
29 silly lifecycle No script for "preversion" in "@zcc-cli-dev/utils", continuing
30 verbose version @zcc-cli-dev/core has no lockfile. Skipping lockfile update.
31 verbose version @zcc-cli-dev/utils has no lockfile. Skipping lockfile update.
32 silly lifecycle No script for "version" in "@zcc-cli-dev/utils", continuing
33 silly lifecycle No script for "version" in "@zcc-cli-dev/core", continuing
34 verbose version Updating root package-lock.json
35 silly lifecycle No script for "version" in "zcc-cli-dev", continuing
36 silly gitAdd [
36 silly gitAdd   'packages/utils/package.json',
36 silly gitAdd   'packages/core/package.json',
36 silly gitAdd   'lerna.json',
36 silly gitAdd   'package-lock.json'
36 silly gitAdd ]
37 silly gitCommit v1.0.2
38 verbose git [ 'commit', '-m', 'v1.0.2' ]
39 silly gitTag v1.0.2 git tag %s -m %s
40 verbose git [ 'tag', 'v1.0.2', '-m', 'v1.0.2' ]
41 error Error: Command failed with exit code 128: git tag v1.0.2 -m v1.0.2
41 error 致命错误：标签 'v1.0.2' 已存在
41 error     at makeError (/Users/zc/Desktop/项目/测试/脚手架/node_modules/execa/lib/error.js:59:11)
41 error     at handlePromise (/Users/zc/Desktop/项目/测试/脚手架/node_modules/execa/index.js:114:26)
41 error     at processTicksAndRejections (node:internal/process/task_queues:96:5)
41 error     at async VersionCommand.gitCommitAndTagVersion (/Users/zc/Desktop/项目/测试/脚手架/node_modules/lerna/dist/index.js:8370:9)
41 error     at async VersionCommand.commitAndTagUpdates (/Users/zc/Desktop/项目/测试/脚手架/node_modules/lerna/dist/index.js:8340:18)
41 error     at async Promise.all (index 0)
